
hpeesofsim (*) 450.shp Jan 21 2016, MINT version 4
    (64-bit windows built: 01/21/16 15:34:19)
Copyright 1995 - 2015 Keysight Technologies, 1989-2016.

Warning detected by hpeesofsim in topology check during circuit set up.
    Number of nodes with only one device attached (topology corrected): 2


CT Sweep1[1] <EAIIIS_lib:cell_dc:schematic>   Rc=(1->1e+03)

DC Sweep1[1].DC1[1/101] <EAIIIS_lib:cell_dc:schematic>  Rc=1  R1=(1->5e+03)
.....................................................................................................................................................................................................................................................................................................................................................................................................................................................................................................................

DC Sweep1[1].DC1[2/101] <EAIIIS_lib:cell_dc:schematic>  Rc=11  R1=(1->5e+03)
.....................................................................................................................................................................................................................................................................................................................................................................................................................................................................................................................

DC Sweep1[1].DC1[3/101] <EAIIIS_lib:cell_dc:schematic>  Rc=21  R1=(1->5e+03)
.....................................................................................................................................................................................................................................................................................................................................................................................................................................................................................................................

DC Sweep1[1].DC1[4/101] <EAIIIS_lib:cell_dc:schematic>  Rc=31  R1=(1->5e+03)
.....................................................................................................................................................................................................................................................................................................................................................................................................................................................................................................................

DC Sweep1[1].DC1[5/101] <EAIIIS_lib:cell_dc:schematic>  Rc=41  R1=(1->5e+03)
.....................................................................................................................................................................................................................................................................................................................................................................................................................................................................................................................

DC Sweep1[1].DC1[6/101] <EAIIIS_lib:cell_dc:schematic>  Rc=51  R1=(1->5e+03)
.....................................................................................................................................................................................................................................................................................................................................................................................................................................................................................................................

DC Sweep1[1].DC1[7/101] <EAIIIS_lib:cell_dc:schematic>  Rc=61  R1=(1->5e+03)
.....................................................................................................................................................................................................................................................................................................................................................................................................................................................................................................................

DC Sweep1[1].DC1[8/101] <EAIIIS_lib:cell_dc:schematic>  Rc=71  R1=(1->5e+03)
.....................................................................................................................................................................................................................................................................................................................................................................................................................................................................................................................

DC Sweep1[1].DC1[9/101] <EAIIIS_lib:cell_dc:schematic>  Rc=81  R1=(1->5e+03)
.....................................................................................................................................................................................................................................................................................................................................................................................................................................................................................................................

DC Sweep1[1].DC1[10/101] <EAIIIS_lib:cell_dc:schematic>  Rc=91  R1=(1->5e+03)
.....................................................................................................................................................................................................................................................................................................................................................................................................................................................................................................................

DC Sweep1[1].DC1[11/101] <EAIIIS_lib:cell_dc:schematic>  Rc=101  R1=(1->5e+03)
.....................................................................................................................................................................................................................................................................................................................................................................................................................................................................................................................

DC Sweep1[1].DC1[12/101] <EAIIIS_lib:cell_dc:schematic>  Rc=111  R1=(1->5e+03)
.....................................................................................................................................................................................................................................................................................................................................................................................................................................................................................................................

DC Sweep1[1].DC1[13/101] <EAIIIS_lib:cell_dc:schematic>  Rc=121  R1=(1->5e+03)
.....................................................................................................................................................................................................................................................................................................................................................................................................................................................................................................................

DC Sweep1[1].DC1[14/101] <EAIIIS_lib:cell_dc:schematic>  Rc=131  R1=(1->5e+03)
.....................................................................................................................................................................................................................................................................................................................................................................................................................................................................................................................

DC Sweep1[1].DC1[15/101] <EAIIIS_lib:cell_dc:schematic>  Rc=141  R1=(1->5e+03)
.....................................................................................................................................................................................................................................................................................................................................................................................................................................................................................................................

DC Sweep1[1].DC1[16/101] <EAIIIS_lib:cell_dc:schematic>  Rc=151  R1=(1->5e+03)
.....................................................................................................................................................................................................................................................................................................................................................................................................................................................................................................................

DC Sweep1[1].DC1[17/101] <EAIIIS_lib:cell_dc:schematic>  Rc=161  R1=(1->5e+03)
.....................................................................................................................................................................................................................................................................................................................................................................................................................................................................................................................

DC Sweep1[1].DC1[18/101] <EAIIIS_lib:cell_dc:schematic>  Rc=171  R1=(1->5e+03)
.....................................................................................................................................................................................................................................................................................................................................................................................................................................................................................................................

DC Sweep1[1].DC1[19/101] <EAIIIS_lib:cell_dc:schematic>  Rc=181  R1=(1->5e+03)
.....................................................................................................................................................................................................................................................................................................................................................................................................................................................................................................................

DC Sweep1[1].DC1[20/101] <EAIIIS_lib:cell_dc:schematic>  Rc=191  R1=(1->5e+03)
.....................................................................................................................................................................................................................................................................................................................................................................................................................................................................................................................

DC Sweep1[1].DC1[21/101] <EAIIIS_lib:cell_dc:schematic>  Rc=201  R1=(1->5e+03)
.....................................................................................................................................................................................................................................................................................................................................................................................................................................................................................................................

DC Sweep1[1].DC1[22/101] <EAIIIS_lib:cell_dc:schematic>  Rc=211  R1=(1->5e+03)
.....................................................................................................................................................................................................................................................................................................................................................................................................................................................................................................................

DC Sweep1[1].DC1[23/101] <EAIIIS_lib:cell_dc:schematic>  Rc=221  R1=(1->5e+03)
.....................................................................................................................................................................................................................................................................................................................................................................................................................................................................................................................

DC Sweep1[1].DC1[24/101] <EAIIIS_lib:cell_dc:schematic>  Rc=231  R1=(1->5e+03)
.....................................................................................................................................................................................................................................................................................................................................................................................................................................................................................................................

DC Sweep1[1].DC1[25/101] <EAIIIS_lib:cell_dc:schematic>  Rc=241  R1=(1->5e+03)
.....................................................................................................................................................................................................................................................................................................................................................................................................................................................................................................................

DC Sweep1[1].DC1[26/101] <EAIIIS_lib:cell_dc:schematic>  Rc=251  R1=(1->5e+03)
.....................................................................................................................................................................................................................................................................................................................................................................................................................................................................................................................

DC Sweep1[1].DC1[27/101] <EAIIIS_lib:cell_dc:schematic>  Rc=261  R1=(1->5e+03)
.....................................................................................................................................................................................................................................................................................................................................................................................................................................................................................................................

DC Sweep1[1].DC1[28/101] <EAIIIS_lib:cell_dc:schematic>  Rc=271  R1=(1->5e+03)
.....................................................................................................................................................................................................................................................................................................................................................................................................................................................................................................................

DC Sweep1[1].DC1[29/101] <EAIIIS_lib:cell_dc:schematic>  Rc=281  R1=(1->5e+03)
.....................................................................................................................................................................................................................................................................................................................................................................................................................................................................................................................

DC Sweep1[1].DC1[30/101] <EAIIIS_lib:cell_dc:schematic>  Rc=291  R1=(1->5e+03)
.....................................................................................................................................................................................................................................................................................................................................................................................................................................................................................................................

DC Sweep1[1].DC1[31/101] <EAIIIS_lib:cell_dc:schematic>  Rc=301  R1=(1->5e+03)
.....................................................................................................................................................................................................................................................................................................................................................................................................................................................................................................................

DC Sweep1[1].DC1[32/101] <EAIIIS_lib:cell_dc:schematic>  Rc=311  R1=(1->5e+03)
.....................................................................................................................................................................................................................................................................................................................................................................................................................................................................................................................

DC Sweep1[1].DC1[33/101] <EAIIIS_lib:cell_dc:schematic>  Rc=321  R1=(1->5e+03)
.....................................................................................................................................................................................................................................................................................................................................................................................................................................................................................................................

DC Sweep1[1].DC1[34/101] <EAIIIS_lib:cell_dc:schematic>  Rc=331  R1=(1->5e+03)
.....................................................................................................................................................................................................................................................................................................................................................................................................................................................................................................................

DC Sweep1[1].DC1[35/101] <EAIIIS_lib:cell_dc:schematic>  Rc=341  R1=(1->5e+03)
.....................................................................................................................................................................................................................................................................................................................................................................................................................................................................................................................

DC Sweep1[1].DC1[36/101] <EAIIIS_lib:cell_dc:schematic>  Rc=351  R1=(1->5e+03)
.....................................................................................................................................................................................................................................................................................................................................................................................................................................................................................................................

DC Sweep1[1].DC1[37/101] <EAIIIS_lib:cell_dc:schematic>  Rc=361  R1=(1->5e+03)
.....................................................................................................................................................................................................................................................................................................................................................................................................................................................................................................................

DC Sweep1[1].DC1[38/101] <EAIIIS_lib:cell_dc:schematic>  Rc=371  R1=(1->5e+03)
.....................................................................................................................................................................................................................................................................................................................................................................................................................................................................................................................

DC Sweep1[1].DC1[39/101] <EAIIIS_lib:cell_dc:schematic>  Rc=381  R1=(1->5e+03)
.....................................................................................................................................................................................................................................................................................................................................................................................................................................................................................................................

DC Sweep1[1].DC1[40/101] <EAIIIS_lib:cell_dc:schematic>  Rc=391  R1=(1->5e+03)
.....................................................................................................................................................................................................................................................................................................................................................................................................................................................................................................................

DC Sweep1[1].DC1[41/101] <EAIIIS_lib:cell_dc:schematic>  Rc=401  R1=(1->5e+03)
.....................................................................................................................................................................................................................................................................................................................................................................................................................................................................................................................

DC Sweep1[1].DC1[42/101] <EAIIIS_lib:cell_dc:schematic>  Rc=411  R1=(1->5e+03)
.....................................................................................................................................................................................................................................................................................................................................................................................................................................................................................................................

DC Sweep1[1].DC1[43/101] <EAIIIS_lib:cell_dc:schematic>  Rc=421  R1=(1->5e+03)
.....................................................................................................................................................................................................................................................................................................................................................................................................................................................................................................................

DC Sweep1[1].DC1[44/101] <EAIIIS_lib:cell_dc:schematic>  Rc=431  R1=(1->5e+03)
.....................................................................................................................................................................................................................................................................................................................................................................................................................................................................................................................

DC Sweep1[1].DC1[45/101] <EAIIIS_lib:cell_dc:schematic>  Rc=441  R1=(1->5e+03)
.....................................................................................................................................................................................................................................................................................................................................................................................................................................................................................................................

DC Sweep1[1].DC1[46/101] <EAIIIS_lib:cell_dc:schematic>  Rc=451  R1=(1->5e+03)
.....................................................................................................................................................................................................................................................................................................................................................................................................................................................................................................................

DC Sweep1[1].DC1[47/101] <EAIIIS_lib:cell_dc:schematic>  Rc=461  R1=(1->5e+03)
.....................................................................................................................................................................................................................................................................................................................................................................................................................................................................................................................

DC Sweep1[1].DC1[48/101] <EAIIIS_lib:cell_dc:schematic>  Rc=471  R1=(1->5e+03)
.....................................................................................................................................................................................................................................................................................................................................................................................................................................................................................................................

DC Sweep1[1].DC1[49/101] <EAIIIS_lib:cell_dc:schematic>  Rc=481  R1=(1->5e+03)
.....................................................................................................................................................................................................................................................................................................................................................................................................................................................................................................................

DC Sweep1[1].DC1[50/101] <EAIIIS_lib:cell_dc:schematic>  Rc=491  R1=(1->5e+03)
.....................................................................................................................................................................................................................................................................................................................................................................................................................................................................................................................

DC Sweep1[1].DC1[51/101] <EAIIIS_lib:cell_dc:schematic>  Rc=501  R1=(1->5e+03)
.....................................................................................................................................................................................................................................................................................................................................................................................................................................................................................................................

DC Sweep1[1].DC1[52/101] <EAIIIS_lib:cell_dc:schematic>  Rc=511  R1=(1->5e+03)
.....................................................................................................................................................................................................................................................................................................................................................................................................................................................................................................................

DC Sweep1[1].DC1[53/101] <EAIIIS_lib:cell_dc:schematic>  Rc=521  R1=(1->5e+03)
.....................................................................................................................................................................................................................................................................................................................................................................................................................................................................................................................

DC Sweep1[1].DC1[54/101] <EAIIIS_lib:cell_dc:schematic>  Rc=531  R1=(1->5e+03)
.....................................................................................................................................................................................................................................................................................................................................................................................................................................................................................................................

DC Sweep1[1].DC1[55/101] <EAIIIS_lib:cell_dc:schematic>  Rc=541  R1=(1->5e+03)
.....................................................................................................................................................................................................................................................................................................................................................................................................................................................................................................................

DC Sweep1[1].DC1[56/101] <EAIIIS_lib:cell_dc:schematic>  Rc=551  R1=(1->5e+03)
.....................................................................................................................................................................................................................................................................................................................................................................................................................................................................................................................

DC Sweep1[1].DC1[57/101] <EAIIIS_lib:cell_dc:schematic>  Rc=561  R1=(1->5e+03)
.....................................................................................................................................................................................................................................................................................................................................................................................................................................................................................................................

DC Sweep1[1].DC1[58/101] <EAIIIS_lib:cell_dc:schematic>  Rc=571  R1=(1->5e+03)
.....................................................................................................................................................................................................................................................................................................................................................................................................................................................................................................................

DC Sweep1[1].DC1[59/101] <EAIIIS_lib:cell_dc:schematic>  Rc=581  R1=(1->5e+03)
.....................................................................................................................................................................................................................................................................................................................................................................................................................................................................................................................

DC Sweep1[1].DC1[60/101] <EAIIIS_lib:cell_dc:schematic>  Rc=591  R1=(1->5e+03)
.....................................................................................................................................................................................................................................................................................................................................................................................................................................................................................................................

DC Sweep1[1].DC1[61/101] <EAIIIS_lib:cell_dc:schematic>  Rc=601  R1=(1->5e+03)
.....................................................................................................................................................................................................................................................................................................................................................................................................................................................................................................................

DC Sweep1[1].DC1[62/101] <EAIIIS_lib:cell_dc:schematic>  Rc=611  R1=(1->5e+03)
.....................................................................................................................................................................................................................................................................................................................................................................................................................................................................................................................

DC Sweep1[1].DC1[63/101] <EAIIIS_lib:cell_dc:schematic>  Rc=621  R1=(1->5e+03)
.....................................................................................................................................................................................................................................................................................................................................................................................................................................................................................................................

DC Sweep1[1].DC1[64/101] <EAIIIS_lib:cell_dc:schematic>  Rc=631  R1=(1->5e+03)
.....................................................................................................................................................................................................................................................................................................................................................................................................................................................................................................................

DC Sweep1[1].DC1[65/101] <EAIIIS_lib:cell_dc:schematic>  Rc=641  R1=(1->5e+03)
.....................................................................................................................................................................................................................................................................................................................................................................................................................................................................................................................

DC Sweep1[1].DC1[66/101] <EAIIIS_lib:cell_dc:schematic>  Rc=651  R1=(1->5e+03)
.....................................................................................................................................................................................................................................................................................................................................................................................................................................................................................................................

DC Sweep1[1].DC1[67/101] <EAIIIS_lib:cell_dc:schematic>  Rc=661  R1=(1->5e+03)
.....................................................................................................................................................................................................................................................................................................................................................................................................................................................................................................................

DC Sweep1[1].DC1[68/101] <EAIIIS_lib:cell_dc:schematic>  Rc=671  R1=(1->5e+03)
.....................................................................................................................................................................................................................................................................................................................................................................................................................................................................................................................

DC Sweep1[1].DC1[69/101] <EAIIIS_lib:cell_dc:schematic>  Rc=681  R1=(1->5e+03)
.....................................................................................................................................................................................................................................................................................................................................................................................................................................................................................................................

DC Sweep1[1].DC1[70/101] <EAIIIS_lib:cell_dc:schematic>  Rc=691  R1=(1->5e+03)
.....................................................................................................................................................................................................................................................................................................................................................................................................................................................................................................................

DC Sweep1[1].DC1[71/101] <EAIIIS_lib:cell_dc:schematic>  Rc=701  R1=(1->5e+03)
.....................................................................................................................................................................................................................................................................................................................................................................................................................................................................................................................

DC Sweep1[1].DC1[72/101] <EAIIIS_lib:cell_dc:schematic>  Rc=711  R1=(1->5e+03)
.....................................................................................................................................................................................................................................................................................................................................................................................................................................................................................................................

DC Sweep1[1].DC1[73/101] <EAIIIS_lib:cell_dc:schematic>  Rc=721  R1=(1->5e+03)
.....................................................................................................................................................................................................................................................................................................................................................................................................................................................................................................................

DC Sweep1[1].DC1[74/101] <EAIIIS_lib:cell_dc:schematic>  Rc=731  R1=(1->5e+03)
.....................................................................................................................................................................................................................................................................................................................................................................................................................................................................................................................

DC Sweep1[1].DC1[75/101] <EAIIIS_lib:cell_dc:schematic>  Rc=741  R1=(1->5e+03)
.....................................................................................................................................................................................................................................................................................................................................................................................................................................................................................................................

DC Sweep1[1].DC1[76/101] <EAIIIS_lib:cell_dc:schematic>  Rc=751  R1=(1->5e+03)
.....................................................................................................................................................................................................................................................................................................................................................................................................................................................................................................................

DC Sweep1[1].DC1[77/101] <EAIIIS_lib:cell_dc:schematic>  Rc=761  R1=(1->5e+03)
.....................................................................................................................................................................................................................................................................................................................................................................................................................................................................................................................

DC Sweep1[1].DC1[78/101] <EAIIIS_lib:cell_dc:schematic>  Rc=771  R1=(1->5e+03)
.....................................................................................................................................................................................................................................................................................................................................................................................................................................................................................................................

DC Sweep1[1].DC1[79/101] <EAIIIS_lib:cell_dc:schematic>  Rc=781  R1=(1->5e+03)
.....................................................................................................................................................................................................................................................................................................................................................................................................................................................................................................................

DC Sweep1[1].DC1[80/101] <EAIIIS_lib:cell_dc:schematic>  Rc=791  R1=(1->5e+03)
.....................................................................................................................................................................................................................................................................................................................................................................................................................................................................................................................

DC Sweep1[1].DC1[81/101] <EAIIIS_lib:cell_dc:schematic>  Rc=801  R1=(1->5e+03)
.....................................................................................................................................................................................................................................................................................................................................................................................................................................................................................................................

DC Sweep1[1].DC1[82/101] <EAIIIS_lib:cell_dc:schematic>  Rc=811  R1=(1->5e+03)
.....................................................................................................................................................................................................................................................................................................................................................................................................................................................................................................................

DC Sweep1[1].DC1[83/101] <EAIIIS_lib:cell_dc:schematic>  Rc=821  R1=(1->5e+03)
.....................................................................................................................................................................................................................................................................................................................................................................................................................................................................................................................

DC Sweep1[1].DC1[84/101] <EAIIIS_lib:cell_dc:schematic>  Rc=831  R1=(1->5e+03)
.....................................................................................................................................................................................................................................................................................................................................................................................................................................................................................................................

DC Sweep1[1].DC1[85/101] <EAIIIS_lib:cell_dc:schematic>  Rc=841  R1=(1->5e+03)
.....................................................................................................................................................................................................................................................................................................................................................................................................................................................................................................................

DC Sweep1[1].DC1[86/101] <EAIIIS_lib:cell_dc:schematic>  Rc=851  R1=(1->5e+03)
.....................................................................................................................................................................................................................................................................................................................................................................................................................................................................................................................

DC Sweep1[1].DC1[87/101] <EAIIIS_lib:cell_dc:schematic>  Rc=861  R1=(1->5e+03)
.....................................................................................................................................................................................................................................................................................................................................................................................................................................................................................................................

DC Sweep1[1].DC1[88/101] <EAIIIS_lib:cell_dc:schematic>  Rc=871  R1=(1->5e+03)
.....................................................................................................................................................................................................................................................................................................................................................................................................................................................................................................................

DC Sweep1[1].DC1[89/101] <EAIIIS_lib:cell_dc:schematic>  Rc=881  R1=(1->5e+03)
.....................................................................................................................................................................................................................................................................................................................................................................................................................................................................................................................

DC Sweep1[1].DC1[90/101] <EAIIIS_lib:cell_dc:schematic>  Rc=891  R1=(1->5e+03)
.....................................................................................................................................................................................................................................................................................................................................................................................................................................................................................................................

DC Sweep1[1].DC1[91/101] <EAIIIS_lib:cell_dc:schematic>  Rc=901  R1=(1->5e+03)
.....................................................................................................................................................................................................................................................................................................................................................................................................................................................................................................................

DC Sweep1[1].DC1[92/101] <EAIIIS_lib:cell_dc:schematic>  Rc=911  R1=(1->5e+03)
.....................................................................................................................................................................................................................................................................................................................................................................................................................................................................................................................

DC Sweep1[1].DC1[93/101] <EAIIIS_lib:cell_dc:schematic>  Rc=921  R1=(1->5e+03)
.....................................................................................................................................................................................................................................................................................................................................................................................................................................................................................................................

DC Sweep1[1].DC1[94/101] <EAIIIS_lib:cell_dc:schematic>  Rc=931  R1=(1->5e+03)
.....................................................................................................................................................................................................................................................................................................................................................................................................................................................................................................................

DC Sweep1[1].DC1[95/101] <EAIIIS_lib:cell_dc:schematic>  Rc=941  R1=(1->5e+03)
.....................................................................................................................................................................................................................................................................................................................................................................................................................................................................................................................

DC Sweep1[1].DC1[96/101] <EAIIIS_lib:cell_dc:schematic>  Rc=951  R1=(1->5e+03)
.....................................................................................................................................................................................................................................................................................................................................................................................................................................................................................................................

DC Sweep1[1].DC1[97/101] <EAIIIS_lib:cell_dc:schematic>  Rc=961  R1=(1->5e+03)
.....................................................................................................................................................................................................................................................................................................................................................................................................................................................................................................................

DC Sweep1[1].DC1[98/101] <EAIIIS_lib:cell_dc:schematic>  Rc=971  R1=(1->5e+03)
.....................................................................................................................................................................................................................................................................................................................................................................................................................................................................................................................

DC Sweep1[1].DC1[99/101] <EAIIIS_lib:cell_dc:schematic>  Rc=981  R1=(1->5e+03)
.....................................................................................................................................................................................................................................................................................................................................................................................................................................................................................................................

DC Sweep1[1].DC1[100/101] <EAIIIS_lib:cell_dc:schematic>  Rc=991  R1=(1->5e+03)
.....................................................................................................................................................................................................................................................................................................................................................................................................................................................................................................................

DC Sweep1[1].DC1[101/101] <EAIIIS_lib:cell_dc:schematic>  Rc=1e+03  R1=(1->5e+03)
.....................................................................................................................................................................................................................................................................................................................................................................................................................................................................................................................

Resource usage:
  Total stopwatch time     =     3.59 seconds.

